  board.cpp
C:\Users\misho\Desktop\new projects\Exel_Table\Exel_Table\board.cpp(35,30): warning C4018: '<=': signed/unsigned mismatch
C:\Users\misho\Desktop\new projects\Exel_Table\Exel_Table\board.cpp(64,31): warning C4018: '<': signed/unsigned mismatch
C:\Users\misho\Desktop\new projects\Exel_Table\Exel_Table\board.cpp(66,43): warning C4018: '>': signed/unsigned mismatch
C:\Users\misho\Desktop\new projects\Exel_Table\Exel_Table\board.cpp(84,31): warning C4018: '<': signed/unsigned mismatch
C:\Users\misho\Desktop\new projects\Exel_Table\Exel_Table\board.cpp(86,35): warning C4018: '<': signed/unsigned mismatch
C:\Users\misho\Desktop\new projects\Exel_Table\Exel_Table\board.cpp(105,43): warning C4018: '<': signed/unsigned mismatch
C:\Users\misho\Desktop\new projects\Exel_Table\Exel_Table\board.cpp(108,37): warning C4804: '<=': unsafe use of type 'bool' in operation
C:\Users\misho\Desktop\new projects\Exel_Table\Exel_Table\board.cpp(165,28): warning C4018: '>': signed/unsigned mismatch
C:\Users\misho\Desktop\new projects\Exel_Table\Exel_Table\board.cpp(168,41): warning C4018: '>': signed/unsigned mismatch
C:\Users\misho\Desktop\new projects\Exel_Table\Exel_Table\board.cpp(190,23): warning C4018: '<': signed/unsigned mismatch
C:\Users\misho\Desktop\new projects\Exel_Table\Exel_Table\board.cpp(192,27): warning C4018: '<': signed/unsigned mismatch
C:\Users\misho\Desktop\new projects\Exel_Table\Exel_Table\board.cpp(194,70): warning C4018: '>': signed/unsigned mismatch
C:\Users\misho\Desktop\new projects\Exel_Table\Exel_Table\board.cpp(201,23): warning C4018: '<': signed/unsigned mismatch
C:\Users\misho\Desktop\new projects\Exel_Table\Exel_Table\board.cpp(204,27): warning C4018: '<': signed/unsigned mismatch
C:\Users\misho\Desktop\new projects\Exel_Table\Exel_Table\board.cpp(232,31): warning C4018: '<': signed/unsigned mismatch
C:\Users\misho\Desktop\new projects\Exel_Table\Exel_Table\board.cpp(235,35): warning C4018: '<': signed/unsigned mismatch
C:\Users\misho\Desktop\new projects\Exel_Table\Exel_Table\board.cpp(261,35): warning C4018: '<': signed/unsigned mismatch
C:\Users\misho\Desktop\new projects\Exel_Table\Exel_Table\board.cpp(263,39): warning C4018: '<': signed/unsigned mismatch
C:\Users\misho\Desktop\new projects\Exel_Table\Exel_Table\board.cpp(280,35): warning C4018: '<': signed/unsigned mismatch
C:\Users\misho\Desktop\new projects\Exel_Table\Exel_Table\board.cpp(282,39): warning C4018: '<': signed/unsigned mismatch
C:\Users\misho\Desktop\new projects\Exel_Table\Exel_Table\board.cpp(333,23): warning C4018: '<': signed/unsigned mismatch
C:\Users\misho\Desktop\new projects\Exel_Table\Exel_Table\board.cpp(353,50): warning C4244: 'argument': conversion from 'double' to 'const unsigned int', possible loss of data
C:\Users\misho\Desktop\new projects\Exel_Table\Exel_Table\board.cpp(353,80): warning C4244: 'argument': conversion from 'double' to 'const unsigned int', possible loss of data
C:\Users\misho\Desktop\new projects\Exel_Table\Exel_Table\board.cpp(369,31): warning C4018: '<': signed/unsigned mismatch
C:\Users\misho\Desktop\new projects\Exel_Table\Exel_Table\board.cpp(372,25): warning C4804: '<=': unsafe use of type 'bool' in operation
C:\Users\misho\Desktop\new projects\Exel_Table\Exel_Table\board.cpp(383,47): warning C4244: 'argument': conversion from 'double' to 'const unsigned int', possible loss of data
C:\Users\misho\Desktop\new projects\Exel_Table\Exel_Table\board.cpp(383,77): warning C4244: 'argument': conversion from 'double' to 'const unsigned int', possible loss of data
C:\Users\misho\Desktop\new projects\Exel_Table\Exel_Table\board.cpp(388,47): warning C4244: 'argument': conversion from 'double' to 'const unsigned int', possible loss of data
C:\Users\misho\Desktop\new projects\Exel_Table\Exel_Table\board.cpp(388,77): warning C4244: 'argument': conversion from 'double' to 'const unsigned int', possible loss of data
C:\Users\misho\Desktop\new projects\Exel_Table\Exel_Table\board.cpp(393,47): warning C4244: 'argument': conversion from 'double' to 'const unsigned int', possible loss of data
C:\Users\misho\Desktop\new projects\Exel_Table\Exel_Table\board.cpp(393,77): warning C4244: 'argument': conversion from 'double' to 'const unsigned int', possible loss of data
C:\Users\misho\Desktop\new projects\Exel_Table\Exel_Table\board.cpp(398,47): warning C4244: 'argument': conversion from 'double' to 'const unsigned int', possible loss of data
C:\Users\misho\Desktop\new projects\Exel_Table\Exel_Table\board.cpp(398,77): warning C4244: 'argument': conversion from 'double' to 'const unsigned int', possible loss of data
  Double_cell.cpp
  Formula_cell.cpp
C:\Users\misho\Desktop\new projects\Exel_Table\Exel_Table\Formula_cell.cpp(113,43): warning C4244: '=': conversion from 'double' to 'int', possible loss of data
C:\Users\misho\Desktop\new projects\Exel_Table\Exel_Table\Formula_cell.cpp(121,46): warning C4244: '=': conversion from 'double' to 'int', possible loss of data
C:\Users\misho\Desktop\new projects\Exel_Table\Exel_Table\Formula_cell.cpp(161,43): warning C4244: '=': conversion from 'double' to 'int', possible loss of data
C:\Users\misho\Desktop\new projects\Exel_Table\Exel_Table\Formula_cell.cpp(169,46): warning C4244: '=': conversion from 'double' to 'int', possible loss of data
C:\Users\misho\Desktop\new projects\Exel_Table\Exel_Table\Formula_cell.cpp(199,43): warning C4244: '=': conversion from 'double' to 'int', possible loss of data
C:\Users\misho\Desktop\new projects\Exel_Table\Exel_Table\Formula_cell.cpp(207,46): warning C4244: '=': conversion from 'double' to 'int', possible loss of data
C:\Users\misho\Desktop\new projects\Exel_Table\Exel_Table\Formula_cell.cpp(224,43): warning C4244: '=': conversion from 'double' to 'int', possible loss of data
C:\Users\misho\Desktop\new projects\Exel_Table\Exel_Table\Formula_cell.cpp(232,46): warning C4244: '=': conversion from 'double' to 'int', possible loss of data
  Int_cell.cpp
  main.cpp
  String_cell.cpp
C:\Users\misho\Desktop\new projects\Exel_Table\Exel_Table\String_cell.cpp(37,23): warning C4018: '<': signed/unsigned mismatch
  Generating code
  Previous IPDB not found, fall back to full compilation.
C:\Users\misho\Desktop\new projects\Exel_Table\Exel_Table\Formula_cell.cpp(50): warning C4715: 'Formula_cell::calculate_value_of_cell': not all control paths return a value
C:\Users\misho\Desktop\new projects\Exel_Table\Exel_Table\Formula_cell.cpp(246): warning C4715: 'Formula_cell::calculate': not all control paths return a value
  All 1220 functions were compiled because no usable IPDB/IOBJ from previous compilation was found.
  Finished generating code
  Exel_Table.vcxproj -> C:\Users\misho\Desktop\new projects\Exel_Table\Release\Exel_Table.exe
